[1026/181313.025:ERROR:directory_reader_win.cc(43)] FindFirstFile: The system cannot find the path specified. (0x3)
[1026/181313.026:ERROR:prune_crash_reports.cc(36)] PruneCrashReportDatabase: Failed to get pending reports
[1026/200005.173:ERROR:directory_reader_win.cc(43)] FindFirstFile: The system cannot find the path specified. (0x3)
[1026/200206.210:ERROR:directory_reader_win.cc(43)] FindFirstFile: The system cannot find the path specified. (0x3)
[1026/204702.914:ERROR:process_reader_win.cc(123)] NtOpenThread: {Access Denied} A process has requested access to an object, but has not been granted those access rights. (0xc0000022)
[1026/204702.916:ERROR:exception_snapshot_win.cc(99)] thread ID 29116 not found in process
[1026/204702.921:ERROR:process_reader_win.cc(123)] NtOpenThread: {Access Denied} A process has requested access to an object, but has not been granted those access rights. (0xc0000022)
[1026/204702.922:ERROR:exception_snapshot_win.cc(99)] thread ID 20444 not found in process
[1026/204702.966:ERROR:process_reader_win.cc(123)] NtOpenThread: {Access Denied} A process has requested access to an object, but has not been granted those access rights. (0xc0000022)
[1026/204702.966:ERROR:exception_snapshot_win.cc(99)] thread ID 34524 not found in process
[1026/204702.966:ERROR:process_reader_win.cc(151)] SuspendThread: Access is denied. (0x5)
[1026/204702.966:ERROR:process_reader_win.cc(123)] NtOpenThread: {Access Denied} A process has requested access to an object, but has not been granted those access rights. (0xc0000022)
[1026/204702.966:ERROR:exception_snapshot_win.cc(99)] thread ID 32424 not found in process
[1027/164021.069:ERROR:directory_reader_win.cc(43)] FindFirstFile: The system cannot find the path specified. (0x3)
[1027/183522.456:ERROR:process_reader_win.cc(123)] NtOpenThread: {Access Denied} A process has requested access to an object, but has not been granted those access rights. (0xc0000022)
[1027/183522.461:ERROR:exception_snapshot_win.cc(99)] thread ID 29512 not found in process
[1027/183522.479:ERROR:process_reader_win.cc(123)] NtOpenThread: {Access Denied} A process has requested access to an object, but has not been granted those access rights. (0xc0000022)
[1027/183522.479:ERROR:exception_snapshot_win.cc(99)] thread ID 22424 not found in process
[1027/183633.999:ERROR:process_reader_win.cc(123)] NtOpenThread: {Access Denied} A process has requested access to an object, but has not been granted those access rights. (0xc0000022)
[1027/183634.000:ERROR:exception_snapshot_win.cc(99)] thread ID 30024 not found in process
[1027/183634.208:ERROR:process_reader_win.cc(123)] NtOpenThread: {Access Denied} A process has requested access to an object, but has not been granted those access rights. (0xc0000022)
[1027/183634.208:ERROR:exception_snapshot_win.cc(99)] thread ID 21404 not found in process
[1027/193849.137:ERROR:process_reader_win.cc(123)] NtOpenThread: {Access Denied} A process has requested access to an object, but has not been granted those access rights. (0xc0000022)
[1027/193849.142:ERROR:exception_snapshot_win.cc(99)] thread ID 5600 not found in process
[1027/193849.184:ERROR:process_reader_win.cc(123)] NtOpenThread: {Access Denied} A process has requested access to an object, but has not been granted those access rights. (0xc0000022)
[1027/193849.184:ERROR:exception_snapshot_win.cc(99)] thread ID 21788 not found in process
[1027/195130.060:ERROR:process_reader_win.cc(123)] NtOpenThread: {Access Denied} A process has requested access to an object, but has not been granted those access rights. (0xc0000022)
[1027/195130.061:ERROR:exception_snapshot_win.cc(99)] thread ID 24248 not found in process
[1027/195130.065:ERROR:process_reader_win.cc(123)] NtOpenThread: {Access Denied} A process has requested access to an object, but has not been granted those access rights. (0xc0000022)
[1027/195130.065:ERROR:exception_snapshot_win.cc(99)] thread ID 25228 not found in process
[1027/195130.088:ERROR:process_reader_win.cc(123)] NtOpenThread: {Access Denied} A process has requested access to an object, but has not been granted those access rights. (0xc0000022)
[1027/195130.088:ERROR:exception_snapshot_win.cc(99)] thread ID 27508 not found in process
[1027/195712.742:ERROR:process_reader_win.cc(123)] NtOpenThread: {Access Denied} A process has requested access to an object, but has not been granted those access rights. (0xc0000022)
[1027/195712.743:ERROR:exception_snapshot_win.cc(99)] thread ID 12104 not found in process
[1027/195712.759:ERROR:process_reader_win.cc(123)] NtOpenThread: {Access Denied} A process has requested access to an object, but has not been granted those access rights. (0xc0000022)
[1027/195712.759:ERROR:exception_snapshot_win.cc(99)] thread ID 26256 not found in process
[1027/221240.592:ERROR:process_reader_win.cc(123)] NtOpenThread: {Access Denied} A process has requested access to an object, but has not been granted those access rights. (0xc0000022)
[1027/221240.593:ERROR:exception_snapshot_win.cc(99)] thread ID 18556 not found in process
[1027/221240.594:ERROR:process_reader_win.cc(123)] NtOpenThread: {Access Denied} A process has requested access to an object, but has not been granted those access rights. (0xc0000022)
[1027/221240.594:ERROR:exception_snapshot_win.cc(99)] thread ID 9036 not found in process
[1027/221240.621:ERROR:process_reader_win.cc(123)] NtOpenThread: {Access Denied} A process has requested access to an object, but has not been granted those access rights. (0xc0000022)
[1027/221240.621:ERROR:process_reader_win.cc(123)] NtOpenThread: {Access Denied} A process has requested access to an object, but has not been granted those access rights. (0xc0000022)
[1027/221240.622:ERROR:exception_snapshot_win.cc(99)] thread ID 14780 not found in process
[1027/221240.622:ERROR:exception_snapshot_win.cc(99)] thread ID 26348 not found in process
[1027/222501.724:ERROR:directory_reader_win.cc(43)] FindFirstFile: The system cannot find the path specified. (0x3)
[1027/223728.690:ERROR:process_reader_win.cc(123)] NtOpenThread: {Access Denied} A process has requested access to an object, but has not been granted those access rights. (0xc0000022)
[1027/223728.690:ERROR:exception_snapshot_win.cc(99)] thread ID 24132 not found in process
[1027/223728.706:ERROR:process_reader_win.cc(123)] NtOpenThread: {Access Denied} A process has requested access to an object, but has not been granted those access rights. (0xc0000022)
[1027/223728.706:ERROR:exception_snapshot_win.cc(99)] thread ID 18820 not found in process
[1027/225633.256:ERROR:directory_reader_win.cc(43)] FindFirstFile: The system cannot find the path specified. (0x3)
[1027/231355.698:ERROR:process_reader_win.cc(123)] NtOpenThread: {Access Denied} A process has requested access to an object, but has not been granted those access rights. (0xc0000022)
[1027/231355.699:ERROR:exception_snapshot_win.cc(99)] thread ID 22384 not found in process
[1027/231355.701:ERROR:process_reader_win.cc(123)] NtOpenThread: {Access Denied} A process has requested access to an object, but has not been granted those access rights. (0xc0000022)
[1027/231355.701:ERROR:exception_snapshot_win.cc(99)] thread ID 22724 not found in process
[1027/231355.720:ERROR:process_reader_win.cc(123)] NtOpenThread: {Access Denied} A process has requested access to an object, but has not been granted those access rights. (0xc0000022)
[1027/231355.720:ERROR:exception_snapshot_win.cc(99)] thread ID 19344 not found in process
